<?xml version="1.0" encoding="UTF-8"?>
<!-- Generated by org.testng.reporters.JUnitReportReporter -->
<testsuite hostname="DS-448A5BBFFC92" name="net.mindengine.galen.java.sample.tests.WelcomePageTest" tests="6" failures="0" timestamp="15 Jul 2015 11:22:21 GMT" time="114.770" errors="0">
  <testcase name="loginPage_shouldLookGood_onDevice" time="24.957" classname="net.mindengine.galen.java.sample.tests.WelcomePageTest"/>
  <testcase name="welcomePage_shouldLookGood_onDevice" time="21.887" classname="net.mindengine.galen.java.sample.tests.WelcomePageTest"/>
  <testcase name="loginPage_shouldLookGood_onDevice" time="15.180" classname="net.mindengine.galen.java.sample.tests.WelcomePageTest"/>
  <testcase name="loginPage_shouldLookGood_onDevice" time="30.935" classname="net.mindengine.galen.java.sample.tests.WelcomePageTest"/>
  <testcase name="welcomePage_shouldLookGood_onDevice" time="12.105" classname="net.mindengine.galen.java.sample.tests.WelcomePageTest"/>
  <testcase name="welcomePage_shouldLookGood_onDevice" time="9.706" classname="net.mindengine.galen.java.sample.tests.WelcomePageTest"/>
</testsuite> <!-- net.mindengine.galen.java.sample.tests.WelcomePageTest -->
